[backblue.gif]
[fade.gif]
[index.html]
[localhost/joomla_music/index.html]
[localhost/joomla_music/templates/shaper_helixultimate/images/favicon.ico]
[localhost/joomla_music/media/vendor/joomla-custom-elements/css/joomla-alert.min44b7.css]
[localhost/joomla_music/components/com_sppagebuilder/assets/css/font-awesome-5.min485a.css]
[localhost/joomla_music/components/com_sppagebuilder/assets/css/font-awesome-v4-shims485a.css]
[localhost/joomla_music/components/com_sppagebuilder/assets/css/animate.min485a.css]
[localhost/joomla_music/components/com_sppagebuilder/assets/css/sppagebuilder485a.css]
[localhost/joomla_music/components/com_sppagebuilder/assets/css/magnific-popup.css]
[localhost/joomla_music/templates/shaper_helixultimate/css/bootstrap.min.css]
[localhost/joomla_music/plugins/system/helixultimate/assets/css/system-j4.min.css]
[localhost/joomla_music/media/system/css/joomla-fontawesome.min0291.css]
[localhost/joomla_music/media/system/js/core.min7335.js]
[localhost/joomla_music/media/vendor/bootstrap/js/bootstrap-es5.min79ff.js]
[localhost/joomla_music/media/system/js/showon-es5.min6186.js]
[localhost/joomla_music/templates/shaper_helixultimate/css/template.css]
[localhost/joomla_music/media/system/js/messages-es5.minb614.js]
[localhost/joomla_music/templates/shaper_helixultimate/css/presets/default.css]
[localhost/joomla_music/media/vendor/jquery/js/jquery.mind569.js]
[localhost/joomla_music/media/legacy/js/jquery-noconflict.minaad7.js]
[localhost/joomla_music/media/vendor/bootstrap/js/alert.min79ff.js]
[localhost/joomla_music/media/vendor/bootstrap/js/button.min79ff.js]
[localhost/joomla_music/media/vendor/bootstrap/js/carousel.min79ff.js]
[localhost/joomla_music/media/vendor/bootstrap/js/collapse.min79ff.js]
[localhost/joomla_music/media/vendor/bootstrap/js/dropdown.min79ff.js]
[localhost/joomla_music/media/vendor/bootstrap/js/modal.min79ff.js]
[localhost/joomla_music/media/vendor/bootstrap/js/offcanvas.min79ff.js]
[localhost/joomla_music/media/vendor/bootstrap/js/popover.min79ff.js]
[localhost/joomla_music/media/vendor/bootstrap/js/scrollspy.min79ff.js]
[localhost/joomla_music/media/vendor/bootstrap/js/tab.min79ff.js]
[localhost/joomla_music/media/vendor/bootstrap/js/toast.min79ff.js]
[localhost/joomla_music/media/system/js/showon.min8e34.js]
[localhost/joomla_music/media/system/js/messages.minae9f.js]
[localhost/joomla_music/components/com_sppagebuilder/assets/js/common.js]
[localhost/joomla_music/components/com_sppagebuilder/assets/js/jquery.parallax485a.js]
[localhost/joomla_music/components/com_sppagebuilder/assets/js/sppagebuilder485a.js]
[localhost/joomla_music/components/com_sppagebuilder/assets/js/jquery.magnific-popup.min.js]
[localhost/joomla_music/components/com_sppagebuilder/assets/js/sp_carousel.js]
[localhost/joomla_music/templates/shaper_helixultimate/js/main.js]
[sppagebuilder.com/images/2021/logistics/hero-bg.jpg]
[sppagebuilder.com/images/2021/logistics/client2.png]
[localhost/joomla_music/templates/shaper_helixultimate/images/presets/preset2/logo.svg]
[sppagebuilder.com/images/2021/logistics/client1.png]
[localhost/joomla_music/components/com_sppagebuilder/assets/webfonts/fa-brands-400.woff]
[localhost/joomla_music/index-2.html]
[sppagebuilder.com/images/2021/logistics/home-img1.png]
[localhost/joomla_music/components/com_sppagebuilder/assets/webfonts/fa-brands-400.ttf]
[localhost/joomla_music/components/com_sppagebuilder/assets/webfonts/fa-regular-400.woff]
[sppagebuilder.com/images/2021/logistics/client3.png]
[sppagebuilder.com/images/2021/logistics/client4.png]
[localhost/joomla_music/components/com_sppagebuilder/assets/webfonts/fa-regular-400.ttf]
[localhost/joomla_music/components/com_sppagebuilder/assets/webfonts/fa-solid-900.woff]
[localhost/joomla_music/components/com_sppagebuilder/assets/webfonts/fa-solid-900.ttf]
[sppagebuilder.com/addons/image/image1.jpg]
[localhost/joomla_music/index.php/reading-materials.html]
[localhost/joomla_music/index3390.html]
[localhost/joomla_music/media/vendor/fontawesome-free/webfonts/fa-regular-400.woff2]
[localhost/joomla_music/media/vendor/fontawesome-free/webfonts/fa-regular-400.eot]
[localhost/joomla_music/media/vendor/fontawesome-free/webfonts/fa-regular-400d41d.eot]
[localhost/joomla_music/media/vendor/fontawesome-free/webfonts/fa-regular-400.woff]
[localhost/joomla_music/media/vendor/fontawesome-free/webfonts/fa-regular-400.ttf]
[localhost/joomla_music/media/vendor/fontawesome-free/webfonts/fa-solid-900.eot]
[localhost/joomla_music/media/vendor/fontawesome-free/webfonts/fa-regular-400.svg]
[localhost/joomla_music/media/vendor/fontawesome-free/webfonts/fa-solid-900.woff2]
[localhost/joomla_music/media/vendor/fontawesome-free/webfonts/fa-solid-900d41d.eot]
[localhost/joomla_music/media/vendor/fontawesome-free/webfonts/fa-solid-900.ttf]
[localhost/joomla_music/media/vendor/fontawesome-free/webfonts/fa-solid-900.woff]
[localhost/joomla_music/media/vendor/fontawesome-free/webfonts/fa-brands-400.eot]
[localhost/joomla_music/media/vendor/fontawesome-free/webfonts/fa-brands-400d41d.eot]
[localhost/joomla_music/media/vendor/fontawesome-free/webfonts/fa-brands-400.woff2]
[localhost/joomla_music/media/vendor/fontawesome-free/webfonts/fa-solid-900.svg]
[localhost/joomla_music/media/vendor/fontawesome-free/webfonts/fa-brands-400.woff]
[localhost/joomla_music/media/vendor/fontawesome-free/webfonts/fa-brands-400.ttf]
[localhost/joomla_music/templates/shaper_helixultimate/images/menu-bg.jpg]
[localhost/joomla_music/media/vendor/fontawesome-free/webfonts/fa-brands-400.svg]
[localhost/joomla_music/images/2023/07/28/7c28266f06840e97a894742a7db5c26.jpg]
[sppagebuilder.com/images/2019/agency/pattern2.png]
